DEBUG:root:sent: Ol치 Mundo

DEBUG:root:received: Ol치 Mundo

DEBUG:root:received: Hello World

DEBUG:root:sent: Ol치 Mundo

DEBUG:root:received: Ol치 Mundo

DEBUG:root:received: Hello World

DEBUG:root:received: How are you?

DEBUG:root:received: Are you new around here?

DEBUG:root:received: Hope you enjoy your stay

DEBUG:root:sent: You are awesome!

DEBUG:root:received: You are awesome!

DEBUG:root:sent: Hello!

DEBUG:root:received: Hello!

DEBUG:root:received: Welcome aboard

DEBUG:root:received: Who are you?

DEBUG:root:sent: I'm Joe

DEBUG:root:received: I'm Joe

DEBUG:root:received: Nice to meet you Joe

DEBUG:root:sent: Cya around

DEBUG:root:received: Cya around

DEBUG:root:sent: Hello!

DEBUG:root:received: Hello!

DEBUG:root:sent: no one is here...

DEBUG:root:received: no one is here...

DEBUG:root:sent: Hello darkness, my old friend

DEBUG:root:received: Hello darkness, my old friend

DEBUG:root:sent: I've come to talk with you again

DEBUG:root:received: I've come to talk with you again

DEBUG:root:sent: Because a vision softly creeping

DEBUG:root:received: Because a vision softly creeping

DEBUG:root:sent: ola

DEBUG:root:received: ola

DEBUG:root:sent: ola

DEBUG:root:received: ola

DEBUG:root:sent: atudo 

DEBUG:root:received: atudo 

DEBUG:root:sent: bem

DEBUG:root:received: bem

DEBUG:root:sent: 

DEBUG:root:received: 

DEBUG:root:sent: obrigado

DEBUG:root:received: obrigado

DEBUG:root:sent: la

DEBUG:root:received: la

DEBUG:root:sent: ola

DEBUG:root:received: ola

DEBUG:root:sent: 

DEBUG:root:received: 

